2025-12-15 12:01:08,554 - VeterinariaApp - ERROR - Error inicializando DB: unable to open database file
2025-12-15 12:04:32,948 - VeterinariaApp - INFO - Base de datos inicializada en: /app/veterinaria_final.db
2025-12-15 12:04:32,965 - VeterinariaApp - INFO - Cliente creado: 1
2025-12-15 12:04:32,977 - VeterinariaApp - INFO - Cliente creado: 2
2025-12-15 12:04:33,017 - VeterinariaApp - INFO - Datos de prueba insertados.
2025-12-15 12:04:45,344 - VeterinariaApp - INFO - Base de datos inicializada en: /app/veterinaria_final.db
2025-12-15 12:05:01,712 - VeterinariaApp - INFO - Base de datos inicializada en: /app/veterinaria_final.db
2025-12-15 12:05:01,740 - VeterinariaApp - INFO - Cliente creado: 3
2025-12-15 12:05:01,820 - VeterinariaApp - INFO - Base de datos inicializada en: /app/veterinaria_final.db
2025-12-15 12:05:43,653 - VeterinariaApp - INFO - Base de datos inicializada en: /app/veterinaria_final.db
2025-12-15 12:05:43,765 - VeterinariaApp - INFO - Base de datos inicializada en: /app/veterinaria_final.db
2025-12-15 12:05:59,335 - VeterinariaApp - INFO - Base de datos inicializada en: /app/veterinaria_final.db
2025-12-15 12:06:02,299 - VeterinariaApp - INFO - Base de datos inicializada en: /app/veterinaria_final.db
2025-12-15 12:06:09,130 - VeterinariaApp - INFO - Base de datos inicializada en: /app/veterinaria_final.db
2025-12-15 12:06:14,442 - VeterinariaApp - INFO - Base de datos inicializada en: /app/veterinaria_final.db
2025-12-15 12:06:21,329 - VeterinariaApp - INFO - Base de datos inicializada en: /app/veterinaria_final.db
2025-12-15 12:06:21,448 - VeterinariaApp - INFO - Base de datos inicializada en: /app/veterinaria_final.db
2025-12-15 12:06:28,412 - VeterinariaApp - INFO - Base de datos inicializada en: /app/veterinaria_final.db
2025-12-15 12:06:30,129 - VeterinariaApp - INFO - Base de datos inicializada en: /app/veterinaria_final.db
2025-12-15 12:06:30,846 - VeterinariaApp - INFO - Base de datos inicializada en: /app/veterinaria_final.db
2025-12-15 12:06:54,433 - VeterinariaApp - INFO - Base de datos inicializada en: /app/veterinaria_final.db
2025-12-15 12:06:55,185 - VeterinariaApp - INFO - Base de datos inicializada en: /app/veterinaria_final.db
2025-12-15 12:07:22,658 - VeterinariaApp - INFO - Base de datos inicializada en: /app/veterinaria_final.db
2025-12-15 12:07:22,763 - VeterinariaApp - INFO - Base de datos inicializada en: /app/veterinaria_final.db
2025-12-15 12:07:35,989 - VeterinariaApp - INFO - Base de datos inicializada en: /app/veterinaria_final.db
2025-12-15 12:08:08,376 - VeterinariaApp - INFO - Base de datos inicializada en: /app/veterinaria_final.db
2025-12-15 12:08:13,400 - VeterinariaApp - INFO - Base de datos inicializada en: /app/veterinaria_final.db
2025-12-15 12:55:53,744 - VeterinariaApp - INFO - Base de datos inicializada en: /app/veterinaria_final.db
2025-12-15 12:55:56,976 - VeterinariaApp - INFO - Base de datos inicializada en: /app/veterinaria_final.db
2025-12-15 12:55:59,058 - VeterinariaApp - INFO - Base de datos inicializada en: /app/veterinaria_final.db
2025-12-15 12:56:01,946 - VeterinariaApp - INFO - Base de datos inicializada en: /app/veterinaria_final.db
2025-12-15 12:56:06,763 - VeterinariaApp - INFO - Base de datos inicializada en: /app/veterinaria_final.db
2025-12-15 12:59:08,394 - VeterinariaApp - INFO - Base de datos inicializada en: /app/veterinaria_final.db
2025-12-15 12:59:44,736 - VeterinariaApp - INFO - Base de datos inicializada en: /app/veterinaria_final.db
2025-12-15 12:59:44,792 - VeterinariaApp - INFO - Cliente creado: 4
2025-12-15 12:59:44,846 - VeterinariaApp - INFO - Base de datos inicializada en: /app/veterinaria_final.db
2025-12-15 12:59:48,516 - VeterinariaApp - INFO - Base de datos inicializada en: /app/veterinaria_final.db
2025-12-15 12:59:48,567 - VeterinariaApp - INFO - Cliente creado: 5
2025-12-15 12:59:48,618 - VeterinariaApp - INFO - Base de datos inicializada en: /app/veterinaria_final.db
2025-12-15 12:59:54,025 - VeterinariaApp - INFO - Base de datos inicializada en: /app/veterinaria_final.db
2025-12-15 12:59:54,741 - VeterinariaApp - INFO - Base de datos inicializada en: /app/veterinaria_final.db
2025-12-15 12:59:54,862 - VeterinariaApp - INFO - Base de datos inicializada en: /app/veterinaria_final.db
2025-12-15 12:59:58,559 - VeterinariaApp - INFO - Base de datos inicializada en: /app/veterinaria_final.db
2025-12-15 13:00:24,406 - VeterinariaApp - INFO - Base de datos inicializada en: /app/veterinaria_final.db
2025-12-15 13:00:24,539 - VeterinariaApp - INFO - Base de datos inicializada en: /app/veterinaria_final.db
2025-12-15 13:00:36,692 - VeterinariaApp - INFO - Base de datos inicializada en: /app/veterinaria_final.db
2025-12-15 13:00:47,701 - VeterinariaApp - INFO - Base de datos inicializada en: /app/veterinaria_final.db
2025-12-15 13:00:47,814 - VeterinariaApp - INFO - Base de datos inicializada en: /app/veterinaria_final.db
2025-12-15 13:28:47,169 - VeterinariaApp - INFO - Base de datos inicializada en: /app/veterinaria_final.db
2025-12-15 13:28:50,134 - VeterinariaApp - INFO - Base de datos inicializada en: /app/veterinaria_final.db
2025-12-15 13:28:51,502 - VeterinariaApp - INFO - Base de datos inicializada en: /app/veterinaria_final.db
2025-12-15 13:28:52,719 - VeterinariaApp - INFO - Base de datos inicializada en: /app/veterinaria_final.db
2025-12-15 13:28:59,278 - VeterinariaApp - INFO - Base de datos inicializada en: /app/veterinaria_final.db
2025-12-15 13:28:59,426 - VeterinariaApp - INFO - Base de datos inicializada en: /app/veterinaria_final.db
2025-12-15 13:29:00,871 - VeterinariaApp - INFO - Base de datos inicializada en: /app/veterinaria_final.db
2025-12-15 13:29:03,863 - VeterinariaApp - INFO - Base de datos inicializada en: /app/veterinaria_final.db
2025-12-15 13:29:05,220 - VeterinariaApp - INFO - Base de datos inicializada en: /app/veterinaria_final.db
2025-12-15 13:29:21,150 - VeterinariaApp - INFO - Base de datos inicializada en: /app/veterinaria_final.db
2025-12-15 13:29:26,078 - VeterinariaApp - INFO - Base de datos inicializada en: /app/veterinaria_final.db
2025-12-15 13:29:38,805 - VeterinariaApp - INFO - Base de datos inicializada en: /app/veterinaria_final.db
2025-12-15 13:29:54,944 - VeterinariaApp - INFO - Base de datos inicializada en: /app/veterinaria_final.db
2025-12-15 13:30:40,304 - VeterinariaApp - INFO - Base de datos inicializada en: /app/veterinaria_final.db
2025-12-15 13:34:40,868 - VeterinariaApp - INFO - Base de datos inicializada en: /app/veterinaria_final.db
2025-12-15 13:34:42,426 - VeterinariaApp - INFO - Base de datos inicializada en: /app/veterinaria_final.db
2025-12-15 14:09:05,768 - VeterinariaApp - INFO - Base de datos inicializada en: /app/veterinaria_final.db
2025-12-15 14:09:10,051 - VeterinariaApp - INFO - Base de datos inicializada en: /app/veterinaria_final.db
2025-12-15 14:09:12,814 - VeterinariaApp - INFO - Base de datos inicializada en: /app/veterinaria_final.db
2025-12-15 14:09:24,978 - VeterinariaApp - INFO - Base de datos inicializada en: /app/veterinaria_final.db
2025-12-15 14:09:50,347 - VeterinariaApp - INFO - Base de datos inicializada en: /app/veterinaria_final.db
2025-12-15 14:09:54,193 - VeterinariaApp - INFO - Base de datos inicializada en: /app/veterinaria_final.db
2025-12-15 14:10:11,060 - VeterinariaApp - INFO - Base de datos inicializada en: /app/veterinaria_final.db
2025-12-15 14:10:11,243 - VeterinariaApp - INFO - Base de datos inicializada en: /app/veterinaria_final.db
2025-12-15 14:13:23,576 - VeterinariaApp - INFO - Base de datos inicializada en: /app/veterinaria_final.db
2025-12-15 14:13:23,867 - VeterinariaApp - INFO - Base de datos inicializada en: /app/veterinaria_final.db
2025-12-15 14:13:26,419 - VeterinariaApp - INFO - Base de datos inicializada en: /app/veterinaria_final.db
2025-12-15 14:13:30,462 - VeterinariaApp - INFO - Base de datos inicializada en: /app/veterinaria_final.db
2025-12-15 14:13:32,142 - VeterinariaApp - INFO - Base de datos inicializada en: /app/veterinaria_final.db
2025-12-15 14:13:32,920 - VeterinariaApp - INFO - Base de datos inicializada en: /app/veterinaria_final.db
2025-12-15 17:06:05,220 - VeterinariaApp - INFO - Base de datos inicializada en: /app/veterinaria_final.db
2025-12-15 17:06:09,765 - VeterinariaApp - INFO - Base de datos inicializada en: /app/veterinaria_final.db
2025-12-15 17:06:10,780 - VeterinariaApp - INFO - Base de datos inicializada en: /app/veterinaria_final.db
2025-12-15 17:06:13,650 - VeterinariaApp - INFO - Base de datos inicializada en: /app/veterinaria_final.db
2025-12-15 17:06:26,023 - VeterinariaApp - INFO - Base de datos inicializada en: /app/veterinaria_final.db
2025-12-15 17:06:32,955 - VeterinariaApp - INFO - Base de datos inicializada en: /app/veterinaria_final.db
2025-12-15 17:06:35,796 - VeterinariaApp - INFO - Base de datos inicializada en: /app/veterinaria_final.db
2025-12-15 17:06:37,575 - VeterinariaApp - INFO - Base de datos inicializada en: /app/veterinaria_final.db
2025-12-15 17:06:59,956 - VeterinariaApp - INFO - Base de datos inicializada en: /app/veterinaria_final.db
2025-12-15 17:07:08,225 - VeterinariaApp - INFO - Base de datos inicializada en: /app/veterinaria_final.db
2025-12-16 13:43:23,765 - VeterinariaApp - INFO - Base de datos inicializada en: /app/veterinaria_final.db
2025-12-16 13:43:29,380 - VeterinariaApp - INFO - Base de datos inicializada en: /app/veterinaria_final.db
2025-12-16 13:45:59,302 - VeterinariaApp - INFO - Base de datos inicializada en: /app/veterinaria_final.db
2025-12-16 13:49:05,500 - VeterinariaApp - INFO - Base de datos inicializada en: /app/veterinaria_final.db
2025-12-16 13:49:11,003 - VeterinariaApp - INFO - Base de datos inicializada en: /app/veterinaria_final.db
2025-12-16 13:49:20,335 - VeterinariaApp - INFO - Base de datos inicializada en: /app/veterinaria_final.db
2025-12-16 13:49:20,523 - VeterinariaApp - INFO - Base de datos inicializada en: /app/veterinaria_final.db
2025-12-16 13:50:14,417 - VeterinariaApp - INFO - Base de datos inicializada en: /app/veterinaria_final.db
2025-12-16 13:50:46,149 - VeterinariaApp - INFO - Base de datos inicializada en: /app/veterinaria_final.db
2025-12-16 13:50:58,057 - VeterinariaApp - INFO - Base de datos inicializada en: /app/veterinaria_final.db
2025-12-16 13:51:20,887 - VeterinariaApp - INFO - Base de datos inicializada en: /app/veterinaria_final.db
2025-12-16 13:51:48,994 - VeterinariaApp - INFO - Base de datos inicializada en: /app/veterinaria_final.db
2025-12-16 13:51:49,088 - VeterinariaApp - INFO - Cliente creado: 6
2025-12-16 13:51:49,162 - VeterinariaApp - INFO - Base de datos inicializada en: /app/veterinaria_final.db
2025-12-16 13:52:13,219 - VeterinariaApp - INFO - Base de datos inicializada en: /app/veterinaria_final.db
2025-12-16 13:52:14,020 - VeterinariaApp - INFO - Base de datos inicializada en: /app/veterinaria_final.db
2025-12-16 13:52:14,207 - VeterinariaApp - INFO - Base de datos inicializada en: /app/veterinaria_final.db
2025-12-16 13:53:00,853 - VeterinariaApp - INFO - Base de datos inicializada en: /app/veterinaria_final.db
2025-12-16 13:57:50,608 - VeterinariaApp - INFO - Base de datos inicializada en: /app/veterinaria_final.db
2025-12-16 13:57:52,998 - VeterinariaApp - INFO - Base de datos inicializada en: /app/veterinaria_final.db
2025-12-16 14:00:16,227 - VeterinariaApp - INFO - Base de datos inicializada en: /app/veterinaria_final.db
2025-12-16 14:00:18,418 - VeterinariaApp - INFO - Base de datos inicializada en: /app/veterinaria_final.db
2025-12-16 14:00:23,443 - VeterinariaApp - INFO - Base de datos inicializada en: /app/veterinaria_final.db
2025-12-16 14:00:28,909 - VeterinariaApp - INFO - Base de datos inicializada en: /app/veterinaria_final.db
2025-12-16 14:00:43,736 - VeterinariaApp - INFO - Base de datos inicializada en: /app/veterinaria_final.db
2025-12-16 14:00:43,964 - VeterinariaApp - INFO - Base de datos inicializada en: /app/veterinaria_final.db
2025-12-16 14:00:49,966 - VeterinariaApp - INFO - Base de datos inicializada en: /app/veterinaria_final.db
2025-12-16 14:05:02,658 - VeterinariaApp - INFO - Base de datos inicializada en: /app/veterinaria_final.db
2025-12-16 14:05:04,809 - VeterinariaApp - INFO - Base de datos inicializada en: /app/veterinaria_final.db
2025-12-16 14:05:07,095 - VeterinariaApp - INFO - Base de datos inicializada en: /app/veterinaria_final.db
2025-12-16 14:05:27,845 - VeterinariaApp - INFO - Base de datos inicializada en: /app/veterinaria_final.db
2025-12-16 14:05:28,067 - VeterinariaApp - INFO - Base de datos inicializada en: /app/veterinaria_final.db
2025-12-16 14:05:33,396 - VeterinariaApp - INFO - Base de datos inicializada en: /app/veterinaria_final.db
2025-12-16 14:07:58,001 - VeterinariaApp - INFO - Base de datos inicializada en: /app/veterinaria_final.db
2025-12-16 14:08:43,316 - VeterinariaApp - INFO - Base de datos inicializada en: /app/veterinaria_final.db
2025-12-16 14:08:47,767 - VeterinariaApp - INFO - Base de datos inicializada en: /app/veterinaria_final.db
2025-12-16 14:08:50,171 - VeterinariaApp - INFO - Base de datos inicializada en: /app/veterinaria_final.db
2025-12-16 14:09:03,348 - VeterinariaApp - INFO - Base de datos inicializada en: /app/veterinaria_final.db
2025-12-16 14:09:03,545 - VeterinariaApp - INFO - Base de datos inicializada en: /app/veterinaria_final.db
2025-12-16 14:09:08,321 - VeterinariaApp - INFO - Base de datos inicializada en: /app/veterinaria_final.db
2025-12-16 14:14:08,875 - VeterinariaApp - INFO - Base de datos inicializada en: /app/veterinaria_final.db
2025-12-16 14:14:11,033 - VeterinariaApp - INFO - Base de datos inicializada en: /app/veterinaria_final.db
2025-12-16 14:14:14,881 - VeterinariaApp - INFO - Base de datos inicializada en: /app/veterinaria_final.db
2025-12-16 14:14:15,011 - VeterinariaApp - INFO - Base de datos inicializada en: /app/veterinaria_final.db
2025-12-16 14:14:52,784 - VeterinariaApp - INFO - Base de datos inicializada en: /app/veterinaria_final.db
2025-12-16 14:14:54,391 - VeterinariaApp - INFO - Base de datos inicializada en: /app/veterinaria_final.db
2025-12-16 14:14:56,083 - VeterinariaApp - INFO - Base de datos inicializada en: /app/veterinaria_final.db
2025-12-16 14:14:56,200 - VeterinariaApp - INFO - Base de datos inicializada en: /app/veterinaria_final.db
2025-12-16 17:23:42,496 - VeterinariaApp - INFO - Base de datos inicializada en: /app/veterinaria_final.db
2025-12-16 17:23:45,040 - VeterinariaApp - INFO - Base de datos inicializada en: /app/veterinaria_final.db
2025-12-16 17:23:59,313 - VeterinariaApp - INFO - Base de datos inicializada en: /app/veterinaria_final.db
2025-12-16 17:23:59,390 - VeterinariaApp - INFO - Base de datos inicializada en: /app/veterinaria_final.db
2025-12-16 17:28:44,538 - VeterinariaApp - INFO - Base de datos inicializada en: /app/veterinaria_final.db
2025-12-16 17:28:46,161 - VeterinariaApp - INFO - Base de datos inicializada en: /app/veterinaria_final.db
2025-12-16 17:28:48,041 - VeterinariaApp - INFO - Base de datos inicializada en: /app/veterinaria_final.db
2025-12-16 17:28:55,708 - VeterinariaApp - INFO - Base de datos inicializada en: /app/veterinaria_final.db
2025-12-16 17:28:55,783 - VeterinariaApp - INFO - Base de datos inicializada en: /app/veterinaria_final.db
2025-12-16 17:29:04,281 - VeterinariaApp - INFO - Base de datos inicializada en: /app/veterinaria_final.db
2025-12-16 17:29:04,367 - VeterinariaApp - INFO - Base de datos inicializada en: /app/veterinaria_final.db
2025-12-16 17:53:38,629 - VeterinariaApp - INFO - Base de datos inicializada en: /app/veterinaria_final.db
2025-12-16 17:53:45,308 - VeterinariaApp - INFO - Base de datos inicializada en: /app/veterinaria_final.db
2025-12-16 17:53:50,433 - VeterinariaApp - INFO - Base de datos inicializada en: /app/veterinaria_final.db
2025-12-16 17:53:50,543 - VeterinariaApp - INFO - Base de datos inicializada en: /app/veterinaria_final.db
2025-12-16 18:12:46,996 - VeterinariaApp - INFO - Base de datos inicializada en: /app/veterinaria_final.db
2025-12-16 18:14:19,563 - VeterinariaApp - INFO - Base de datos inicializada en: /app/veterinaria_final.db
2025-12-16 18:14:21,965 - VeterinariaApp - INFO - Base de datos inicializada en: /app/veterinaria_final.db
2025-12-16 18:14:26,465 - VeterinariaApp - INFO - Base de datos inicializada en: /app/veterinaria_final.db
2025-12-16 18:14:29,388 - VeterinariaApp - INFO - Base de datos inicializada en: /app/veterinaria_final.db
2025-12-16 18:14:32,730 - VeterinariaApp - INFO - Base de datos inicializada en: /app/veterinaria_final.db
2025-12-16 18:14:36,685 - VeterinariaApp - INFO - Base de datos inicializada en: /app/veterinaria_final.db
2025-12-16 18:14:39,428 - VeterinariaApp - INFO - Base de datos inicializada en: /app/veterinaria_final.db
2025-12-16 18:18:32,215 - VeterinariaApp - INFO - Base de datos inicializada en: /app/veterinaria_final.db
2025-12-16 18:18:34,278 - VeterinariaApp - INFO - Base de datos inicializada en: /app/veterinaria_final.db
2025-12-16 18:18:47,177 - VeterinariaApp - INFO - Base de datos inicializada en: /app/veterinaria_final.db
2025-12-16 18:18:47,279 - VeterinariaApp - INFO - Base de datos inicializada en: /app/veterinaria_final.db
2025-12-16 18:56:13,152 - VeterinariaApp - INFO - Base de datos inicializada en: /app/veterinaria_final.db
2025-12-16 18:56:25,062 - VeterinariaApp - INFO - Base de datos inicializada en: /app/veterinaria_final.db
2025-12-16 18:57:03,213 - VeterinariaApp - INFO - Base de datos inicializada en: /app/veterinaria_final.db
2025-12-16 18:57:03,250 - VeterinariaApp - INFO - Cliente creado: 7
2025-12-16 18:57:03,326 - VeterinariaApp - INFO - Base de datos inicializada en: /app/veterinaria_final.db
2025-12-16 18:57:19,215 - VeterinariaApp - INFO - Base de datos inicializada en: /app/veterinaria_final.db
2025-12-16 18:57:24,687 - VeterinariaApp - INFO - Base de datos inicializada en: /app/veterinaria_final.db
2025-12-16 18:57:29,557 - VeterinariaApp - INFO - Base de datos inicializada en: /app/veterinaria_final.db
2025-12-16 18:57:33,877 - VeterinariaApp - INFO - Base de datos inicializada en: /app/veterinaria_final.db
2025-12-16 18:57:49,039 - VeterinariaApp - INFO - Base de datos inicializada en: /app/veterinaria_final.db
2025-12-16 18:57:49,074 - VeterinariaApp - INFO - Cliente creado: 8
2025-12-16 18:57:49,153 - VeterinariaApp - INFO - Base de datos inicializada en: /app/veterinaria_final.db
2025-12-16 18:58:05,031 - VeterinariaApp - INFO - Base de datos inicializada en: /app/veterinaria_final.db
2025-12-16 18:58:05,663 - VeterinariaApp - INFO - Base de datos inicializada en: /app/veterinaria_final.db
2025-12-16 18:58:05,805 - VeterinariaApp - INFO - Base de datos inicializada en: /app/veterinaria_final.db
2025-12-16 18:58:08,846 - VeterinariaApp - INFO - Base de datos inicializada en: /app/veterinaria_final.db
2025-12-16 19:21:04,727 - VeterinariaApp - INFO - Base de datos inicializada en: /app/veterinaria_final.db
2025-12-16 19:21:04,987 - VeterinariaApp - INFO - Usuario admin creado por defecto.
2025-12-16 19:21:09,832 - VeterinariaApp - INFO - Base de datos inicializada en: /app/veterinaria_final.db
2025-12-16 19:22:22,037 - VeterinariaApp - INFO - Base de datos inicializada en: /app/veterinaria_final.db
2025-12-16 19:22:22,333 - VeterinariaApp - INFO - Base de datos inicializada en: /app/veterinaria_final.db
2025-12-16 19:23:07,275 - VeterinariaApp - INFO - Base de datos inicializada en: /app/veterinaria_final.db
2025-12-16 19:23:17,126 - VeterinariaApp - INFO - Base de datos inicializada en: /app/veterinaria_final.db
2025-12-16 19:23:23,972 - VeterinariaApp - INFO - Base de datos inicializada en: /app/veterinaria_final.db
2025-12-16 19:24:24,487 - VeterinariaApp - INFO - Base de datos inicializada en: /app/veterinaria_final.db
2025-12-16 19:24:24,589 - VeterinariaApp - INFO - Base de datos inicializada en: /app/veterinaria_final.db
2025-12-16 19:24:56,806 - VeterinariaApp - INFO - Base de datos inicializada en: /app/veterinaria_final.db
2025-12-16 19:24:56,938 - VeterinariaApp - INFO - Base de datos inicializada en: /app/veterinaria_final.db
2025-12-16 19:36:12,949 - VeterinariaApp - INFO - Base de datos inicializada en: /app/veterinaria_final.db
2025-12-16 19:36:19,907 - VeterinariaApp - INFO - Base de datos inicializada en: /app/veterinaria_final.db
2025-12-16 19:36:20,200 - VeterinariaApp - INFO - Base de datos inicializada en: /app/veterinaria_final.db
2025-12-16 19:36:23,851 - VeterinariaApp - INFO - Base de datos inicializada en: /app/veterinaria_final.db
2025-12-16 19:36:26,695 - VeterinariaApp - INFO - Base de datos inicializada en: /app/veterinaria_final.db
2025-12-16 19:36:28,785 - VeterinariaApp - INFO - Base de datos inicializada en: /app/veterinaria_final.db
2025-12-16 19:36:35,861 - VeterinariaApp - INFO - Base de datos inicializada en: /app/veterinaria_final.db
2025-12-16 19:36:39,159 - VeterinariaApp - INFO - Base de datos inicializada en: /app/veterinaria_final.db
2025-12-16 19:36:41,281 - VeterinariaApp - INFO - Base de datos inicializada en: /app/veterinaria_final.db
2025-12-16 19:45:49,885 - VeterinariaApp - INFO - Base de datos inicializada en: /app/veterinaria_final.db
2025-12-16 19:45:49,898 - VeterinariaApp - INFO - La base de datos ya contiene datos. Se omite el seeding.
2025-12-16 19:45:55,655 - VeterinariaApp - INFO - Base de datos inicializada en: /app/veterinaria_final.db
2025-12-16 19:45:55,662 - VeterinariaApp - INFO - La base de datos ya contiene datos. Se omite el seeding.
2025-12-16 19:45:55,939 - VeterinariaApp - INFO - Base de datos inicializada en: /app/veterinaria_final.db
2025-12-16 19:45:55,956 - VeterinariaApp - INFO - La base de datos ya contiene datos. Se omite el seeding.
2025-12-16 19:45:58,813 - VeterinariaApp - INFO - Base de datos inicializada en: /app/veterinaria_final.db
2025-12-16 19:45:58,821 - VeterinariaApp - INFO - La base de datos ya contiene datos. Se omite el seeding.
2025-12-16 19:46:00,739 - VeterinariaApp - INFO - Base de datos inicializada en: /app/veterinaria_final.db
2025-12-16 19:46:00,742 - VeterinariaApp - INFO - La base de datos ya contiene datos. Se omite el seeding.
2025-12-16 19:46:01,347 - VeterinariaApp - INFO - Base de datos inicializada en: /app/veterinaria_final.db
2025-12-16 19:46:01,358 - VeterinariaApp - INFO - La base de datos ya contiene datos. Se omite el seeding.
2025-12-16 19:46:01,426 - VeterinariaApp - INFO - Base de datos inicializada en: /app/veterinaria_final.db
2025-12-16 19:46:01,440 - VeterinariaApp - INFO - La base de datos ya contiene datos. Se omite el seeding.
2025-12-16 19:46:08,197 - VeterinariaApp - INFO - Base de datos inicializada en: /app/veterinaria_final.db
2025-12-16 19:46:08,203 - VeterinariaApp - INFO - La base de datos ya contiene datos. Se omite el seeding.
2025-12-16 19:46:17,565 - VeterinariaApp - INFO - Base de datos inicializada en: /app/veterinaria_final.db
2025-12-16 19:46:17,571 - VeterinariaApp - INFO - La base de datos ya contiene datos. Se omite el seeding.
2025-12-16 19:46:19,187 - VeterinariaApp - INFO - Base de datos inicializada en: /app/veterinaria_final.db
2025-12-16 19:46:19,193 - VeterinariaApp - INFO - La base de datos ya contiene datos. Se omite el seeding.
2025-12-16 19:46:26,785 - VeterinariaApp - INFO - Base de datos inicializada en: /app/veterinaria_final.db
2025-12-16 19:46:26,790 - VeterinariaApp - INFO - La base de datos ya contiene datos. Se omite el seeding.
2025-12-17 09:42:01,175 - VeterinariaApp - INFO - Base de datos inicializada en: /app/veterinaria_final.db
2025-12-17 09:42:01,182 - VeterinariaApp - INFO - La base de datos ya contiene datos. Se omite el seeding.
2025-12-17 09:42:11,566 - VeterinariaApp - INFO - Base de datos inicializada en: /app/veterinaria_final.db
2025-12-17 09:42:11,573 - VeterinariaApp - INFO - La base de datos ya contiene datos. Se omite el seeding.
2025-12-17 09:42:26,132 - VeterinariaApp - INFO - Base de datos inicializada en: /app/veterinaria_final.db
2025-12-17 09:42:26,141 - VeterinariaApp - INFO - La base de datos ya contiene datos. Se omite el seeding.
2025-12-17 09:42:26,550 - VeterinariaApp - INFO - Base de datos inicializada en: /app/veterinaria_final.db
2025-12-17 09:42:26,562 - VeterinariaApp - INFO - La base de datos ya contiene datos. Se omite el seeding.
2025-12-17 09:42:32,478 - VeterinariaApp - INFO - Base de datos inicializada en: /app/veterinaria_final.db
2025-12-17 09:42:32,489 - VeterinariaApp - INFO - La base de datos ya contiene datos. Se omite el seeding.
2025-12-17 09:42:47,983 - VeterinariaApp - INFO - Base de datos inicializada en: /app/veterinaria_final.db
2025-12-17 09:42:47,994 - VeterinariaApp - INFO - La base de datos ya contiene datos. Se omite el seeding.
2025-12-17 09:43:04,354 - VeterinariaApp - INFO - Base de datos inicializada en: /app/veterinaria_final.db
2025-12-17 09:43:04,374 - VeterinariaApp - INFO - La base de datos ya contiene datos. Se omite el seeding.
2025-12-17 09:43:05,283 - VeterinariaApp - INFO - Base de datos inicializada en: /app/veterinaria_final.db
2025-12-17 09:43:05,296 - VeterinariaApp - INFO - La base de datos ya contiene datos. Se omite el seeding.
2025-12-17 09:43:05,419 - VeterinariaApp - INFO - Base de datos inicializada en: /app/veterinaria_final.db
2025-12-17 09:43:05,425 - VeterinariaApp - INFO - La base de datos ya contiene datos. Se omite el seeding.
2025-12-17 09:43:13,461 - VeterinariaApp - INFO - Base de datos inicializada en: /app/veterinaria_final.db
2025-12-17 09:43:13,467 - VeterinariaApp - INFO - La base de datos ya contiene datos. Se omite el seeding.
2025-12-17 09:43:41,806 - VeterinariaApp - INFO - Base de datos inicializada en: /app/veterinaria_final.db
2025-12-17 09:43:41,811 - VeterinariaApp - INFO - La base de datos ya contiene datos. Se omite el seeding.
2025-12-17 09:43:44,889 - VeterinariaApp - INFO - Base de datos inicializada en: /app/veterinaria_final.db
2025-12-17 09:43:44,896 - VeterinariaApp - INFO - La base de datos ya contiene datos. Se omite el seeding.
2025-12-17 09:43:46,402 - VeterinariaApp - INFO - Base de datos inicializada en: /app/veterinaria_final.db
2025-12-17 09:43:46,407 - VeterinariaApp - INFO - La base de datos ya contiene datos. Se omite el seeding.
2025-12-17 09:43:46,548 - VeterinariaApp - INFO - Base de datos inicializada en: /app/veterinaria_final.db
2025-12-17 09:43:46,556 - VeterinariaApp - INFO - La base de datos ya contiene datos. Se omite el seeding.
2025-12-17 09:43:46,826 - VeterinariaApp - INFO - Base de datos inicializada en: /app/veterinaria_final.db
2025-12-17 09:43:46,835 - VeterinariaApp - INFO - La base de datos ya contiene datos. Se omite el seeding.
2025-12-17 09:43:46,926 - VeterinariaApp - INFO - Base de datos inicializada en: /app/veterinaria_final.db
2025-12-17 09:43:46,934 - VeterinariaApp - INFO - La base de datos ya contiene datos. Se omite el seeding.
2025-12-17 09:43:52,030 - VeterinariaApp - INFO - Base de datos inicializada en: /app/veterinaria_final.db
2025-12-17 09:43:52,038 - VeterinariaApp - INFO - La base de datos ya contiene datos. Se omite el seeding.
2025-12-17 09:44:02,493 - VeterinariaApp - INFO - Base de datos inicializada en: /app/veterinaria_final.db
2025-12-17 09:44:02,499 - VeterinariaApp - INFO - La base de datos ya contiene datos. Se omite el seeding.
2025-12-17 09:44:08,404 - VeterinariaApp - INFO - Base de datos inicializada en: /app/veterinaria_final.db
2025-12-17 09:44:08,412 - VeterinariaApp - INFO - La base de datos ya contiene datos. Se omite el seeding.
2025-12-17 09:52:37,958 - VeterinariaApp - INFO - Base de datos inicializada en: /app/veterinaria_final.db
2025-12-17 09:52:37,968 - VeterinariaApp - INFO - La base de datos ya contiene datos. Se omite el seeding.
2025-12-17 09:52:44,003 - VeterinariaApp - INFO - Base de datos inicializada en: /app/veterinaria_final.db
2025-12-17 09:52:44,015 - VeterinariaApp - INFO - La base de datos ya contiene datos. Se omite el seeding.
2025-12-17 09:52:44,296 - VeterinariaApp - INFO - Base de datos inicializada en: /app/veterinaria_final.db
2025-12-17 09:52:44,306 - VeterinariaApp - INFO - La base de datos ya contiene datos. Se omite el seeding.
2025-12-17 09:52:51,859 - VeterinariaApp - INFO - Base de datos inicializada en: /app/veterinaria_final.db
2025-12-17 09:52:51,867 - VeterinariaApp - INFO - La base de datos ya contiene datos. Se omite el seeding.
2025-12-17 09:52:56,200 - VeterinariaApp - INFO - Base de datos inicializada en: /app/veterinaria_final.db
2025-12-17 09:52:56,205 - VeterinariaApp - INFO - La base de datos ya contiene datos. Se omite el seeding.
2025-12-17 09:52:56,811 - VeterinariaApp - INFO - Base de datos inicializada en: /app/veterinaria_final.db
2025-12-17 09:52:56,824 - VeterinariaApp - INFO - La base de datos ya contiene datos. Se omite el seeding.
2025-12-17 09:52:56,917 - VeterinariaApp - INFO - Base de datos inicializada en: /app/veterinaria_final.db
2025-12-17 09:52:56,929 - VeterinariaApp - INFO - La base de datos ya contiene datos. Se omite el seeding.
2025-12-17 09:52:57,340 - VeterinariaApp - INFO - Base de datos inicializada en: /app/veterinaria_final.db
2025-12-17 09:52:57,348 - VeterinariaApp - INFO - La base de datos ya contiene datos. Se omite el seeding.
2025-12-17 09:53:17,311 - VeterinariaApp - INFO - Base de datos inicializada en: /app/veterinaria_final.db
2025-12-17 09:53:17,317 - VeterinariaApp - INFO - La base de datos ya contiene datos. Se omite el seeding.
2025-12-17 09:53:20,293 - VeterinariaApp - INFO - Base de datos inicializada en: /app/veterinaria_final.db
2025-12-17 09:53:20,301 - VeterinariaApp - INFO - La base de datos ya contiene datos. Se omite el seeding.
2025-12-17 09:53:22,707 - VeterinariaApp - INFO - Base de datos inicializada en: /app/veterinaria_final.db
2025-12-17 09:53:22,713 - VeterinariaApp - INFO - La base de datos ya contiene datos. Se omite el seeding.
2025-12-17 09:53:25,749 - VeterinariaApp - INFO - Base de datos inicializada en: /app/veterinaria_final.db
2025-12-17 09:53:25,754 - VeterinariaApp - INFO - La base de datos ya contiene datos. Se omite el seeding.
2025-12-17 09:53:26,040 - VeterinariaApp - INFO - Base de datos inicializada en: /app/veterinaria_final.db
2025-12-17 09:53:26,045 - VeterinariaApp - INFO - La base de datos ya contiene datos. Se omite el seeding.
2025-12-17 09:53:26,147 - VeterinariaApp - INFO - Base de datos inicializada en: /app/veterinaria_final.db
2025-12-17 09:53:26,153 - VeterinariaApp - INFO - La base de datos ya contiene datos. Se omite el seeding.
2025-12-17 09:53:26,162 - VeterinariaApp - INFO - Base de datos inicializada en: /app/veterinaria_final.db
2025-12-17 09:53:26,212 - VeterinariaApp - INFO - La base de datos ya contiene datos. Se omite el seeding.
2025-12-17 09:53:36,823 - VeterinariaApp - INFO - Base de datos inicializada en: /app/veterinaria_final.db
2025-12-17 09:53:36,829 - VeterinariaApp - INFO - La base de datos ya contiene datos. Se omite el seeding.
2025-12-17 09:53:43,709 - VeterinariaApp - INFO - Base de datos inicializada en: /app/veterinaria_final.db
2025-12-17 09:53:43,714 - VeterinariaApp - INFO - La base de datos ya contiene datos. Se omite el seeding.
2025-12-17 09:53:45,176 - VeterinariaApp - INFO - Base de datos inicializada en: /app/veterinaria_final.db
2025-12-17 09:53:45,181 - VeterinariaApp - INFO - La base de datos ya contiene datos. Se omite el seeding.
2025-12-17 09:53:47,197 - VeterinariaApp - INFO - Base de datos inicializada en: /app/veterinaria_final.db
2025-12-17 09:53:47,203 - VeterinariaApp - INFO - La base de datos ya contiene datos. Se omite el seeding.
2025-12-17 09:55:30,731 - VeterinariaApp - INFO - Base de datos inicializada en: /app/veterinaria_final.db
2025-12-17 09:55:30,738 - VeterinariaApp - INFO - La base de datos ya contiene datos. Se omite el seeding.
2025-12-17 09:55:31,563 - VeterinariaApp - INFO - Base de datos inicializada en: /app/veterinaria_final.db
2025-12-17 09:55:31,595 - VeterinariaApp - INFO - La base de datos ya contiene datos. Se omite el seeding.
2025-12-17 09:55:34,563 - VeterinariaApp - INFO - Base de datos inicializada en: /app/veterinaria_final.db
2025-12-17 09:55:34,578 - VeterinariaApp - INFO - La base de datos ya contiene datos. Se omite el seeding.
2025-12-17 09:55:40,163 - VeterinariaApp - INFO - Base de datos inicializada en: /app/veterinaria_final.db
2025-12-17 09:55:40,173 - VeterinariaApp - INFO - La base de datos ya contiene datos. Se omite el seeding.
2025-12-17 09:55:40,599 - VeterinariaApp - INFO - Base de datos inicializada en: /app/veterinaria_final.db
2025-12-17 09:55:40,612 - VeterinariaApp - INFO - Base de datos inicializada en: /app/veterinaria_final.db
2025-12-17 09:55:40,616 - VeterinariaApp - INFO - La base de datos ya contiene datos. Se omite el seeding.
2025-12-17 09:55:40,620 - VeterinariaApp - INFO - La base de datos ya contiene datos. Se omite el seeding.
2025-12-17 09:55:40,810 - VeterinariaApp - INFO - Base de datos inicializada en: /app/veterinaria_final.db
2025-12-17 09:55:40,817 - VeterinariaApp - INFO - La base de datos ya contiene datos. Se omite el seeding.
2025-12-17 09:55:41,509 - VeterinariaApp - INFO - Base de datos inicializada en: /app/veterinaria_final.db
2025-12-17 09:55:41,515 - VeterinariaApp - INFO - La base de datos ya contiene datos. Se omite el seeding.
2025-12-17 09:55:43,007 - VeterinariaApp - INFO - Base de datos inicializada en: /app/veterinaria_final.db
2025-12-17 09:55:43,014 - VeterinariaApp - INFO - La base de datos ya contiene datos. Se omite el seeding.
2025-12-17 09:55:45,890 - VeterinariaApp - INFO - Base de datos inicializada en: /app/veterinaria_final.db
2025-12-17 09:55:45,898 - VeterinariaApp - INFO - La base de datos ya contiene datos. Se omite el seeding.
2025-12-17 09:56:01,244 - VeterinariaApp - INFO - Base de datos inicializada en: /app/veterinaria_final.db
2025-12-17 09:56:01,252 - VeterinariaApp - INFO - La base de datos ya contiene datos. Se omite el seeding.
2025-12-17 09:56:01,296 - VeterinariaApp - INFO - Cliente creado: 9
2025-12-17 09:56:01,384 - VeterinariaApp - INFO - Base de datos inicializada en: /app/veterinaria_final.db
2025-12-17 09:56:01,398 - VeterinariaApp - INFO - La base de datos ya contiene datos. Se omite el seeding.
2025-12-17 09:56:03,421 - VeterinariaApp - INFO - Base de datos inicializada en: /app/veterinaria_final.db
2025-12-17 09:56:03,429 - VeterinariaApp - INFO - La base de datos ya contiene datos. Se omite el seeding.
2025-12-17 09:56:03,954 - VeterinariaApp - INFO - Base de datos inicializada en: /app/veterinaria_final.db
2025-12-17 09:56:03,960 - VeterinariaApp - INFO - La base de datos ya contiene datos. Se omite el seeding.
2025-12-17 09:56:19,006 - VeterinariaApp - INFO - Base de datos inicializada en: /app/veterinaria_final.db
2025-12-17 09:56:19,013 - VeterinariaApp - INFO - La base de datos ya contiene datos. Se omite el seeding.
2025-12-17 09:56:19,124 - VeterinariaApp - INFO - Base de datos inicializada en: /app/veterinaria_final.db
2025-12-17 09:56:19,132 - VeterinariaApp - INFO - La base de datos ya contiene datos. Se omite el seeding.
